[Start-End(ms)]: 1588985740781-1588985753924
[Duration]: 2.845ms
[Result]:
åºŠå‰æ˜æœˆå…‰ï¼Œç–‘æ˜¯åœ°ä¸Šéœœã€‚

[Start-End(ms)]: 1588985756771-1588985762127
[Duration]: 10.662ms
[Result]:


[Start-End(ms)]: 1588985772789-1588985776052
[Duration]: 1.462ms
[Result]:


[Start-End(ms)]: 1588985777515-1588985800237
[Duration]: 11.836ms
[Result]:


[Start-End(ms)]: 1588985812074-1588985815617
[Duration]: 10.496ms
[Result]:


[Start-End(ms)]: 1588985826113-1588985830129
[Duration]: 10.180ms
[Result]:


[Start-End(ms)]: 1588985840309-1588985842613
[Duration]: 1.305ms
[Result]:


[Start-End(ms)]: 1588985843919-1588985859320
[Duration]: 3.154ms
[Result]:


[Start-End(ms)]: 1588985862475-1588985866556
[Duration]: 10.561ms
[Result]:


[Start-End(ms)]: 1589249647384-1589249659016
[Duration]: 2.219ms
[Result]:


[Start-End(ms)]: 1589249661237-1589249669673
[Duration]: 1.450ms
[Result]:


[Start-End(ms)]: 1589249671124-1589249679146
[Duration]: 1.578ms
[Result]:
´²Ç°Ã÷ÔÂ¹â¡£

[Start-End(ms)]: 1589249680725-1589249687969
[Duration]: 1.864ms
[Result]:
½ñÌìÎÒÖØ×°ÁËwindows12~2003¡£

[Start-End(ms)]: 1589249689865-1589249698854
[Duration]: 1.636ms
[Result]:


[Start-End(ms)]: 1589249700491-1589249711758
[Duration]: 1.649ms
[Result]:


[Start-End(ms)]: 1589249713408-1589249722743
[Duration]: 1.714ms
[Result]:


[Start-End(ms)]: 1589249724459-1589249732376
[Duration]: 1.650ms
[Result]:


[Start-End(ms)]: 1589249734028-1589249740953
[Duration]: 1.506ms
[Result]:


[Start-End(ms)]: 1589249742461-1589249752325
[Duration]: 1.699ms
[Result]:


[Start-End(ms)]: 1589249754024-1589249763891
[Duration]: 1.471ms
[Result]:


[Start-End(ms)]: 1589249765364-1589249774054
[Duration]: 1.756ms
[Result]:


[Start-End(ms)]: 1589249775812-1589249790218
[Duration]: 2.473ms
[Result]:


[Start-End(ms)]: 1589249792692-1589249805437
[Duration]: 1.628ms
[Result]:


[Start-End(ms)]: 1589249807065-1589249810508
[Duration]: 1.586ms
[Result]:
´²Ç°Ã÷ÔÂ¹â¡£

[Start-End(ms)]: 1589249812095-1589249817830
[Duration]: 1.620ms
[Result]:


[Start-End(ms)]: 1589249819452-1589249839693
[Duration]: 2.899ms
[Result]:
ÒÉÊÇµØÉÏËª¡£

[Start-End(ms)]: 1589249842593-1589249850861
[Duration]: 1.889ms
[Result]:


[Start-End(ms)]: 1589249852751-1589249869434
[Duration]: 2.974ms
[Result]:
´²Ç°Ã÷ÔÂ¹âÒÉÊÇ¡£

[Start-End(ms)]: 1589249872408-1589249889581
[Duration]: 3.223ms
[Result]:


[Start-End(ms)]: 1589249892805-1589249901073
[Duration]: 1.581ms
[Result]:


[Start-End(ms)]: 1589249902655-1589249920290
[Duration]: 1.683ms
[Result]:


[Start-End(ms)]: 1589249921973-1589249944941
[Duration]: 2.117ms
[Result]:


[Start-End(ms)]: 1589249947060-1589249951584
[Duration]: 1.555ms
[Result]:


[Start-End(ms)]: 1589249953141-1589249970607
[Duration]: 3.087ms
[Result]:


[Start-End(ms)]: 1589249973695-1589249991787
[Duration]: 3.276ms
[Result]:


[Start-End(ms)]: 1589249995064-1589250007373
[Duration]: 2.341ms
[Result]:


[Start-End(ms)]: 1589250009715-1589250020474
[Duration]: 2.041ms
[Result]:


[Start-End(ms)]: 1589250022517-1589250035965
[Duration]: 2.502ms
[Result]:


[Start-End(ms)]: 1589250038468-1589250047583
[Duration]: 1.557ms
[Result]:


